  GroupMJY.c
C:\Users\User\Desktop\PCS 2 Assignment\Group MJY\GroupMJY.c(125,9): warning C4129: ' ': unrecognized character escape sequence
C:\Users\User\Desktop\PCS 2 Assignment\Group MJY\GroupMJY.c(297,8): warning C4244: 'function': conversion from 'time_t' to 'unsigned int', possible loss of data
C:\Users\User\Desktop\PCS 2 Assignment\Group MJY\GroupMJY.c(408,21): warning C4129: '=': unrecognized character escape sequence
C:\Users\User\Desktop\PCS 2 Assignment\Group MJY\GroupMJY.c(537,15): warning C4129: '=': unrecognized character escape sequence
C:\Users\User\Desktop\PCS 2 Assignment\Group MJY\GroupMJY.c(596,14): warning C4129: '=': unrecognized character escape sequence
C:\Users\User\Desktop\PCS 2 Assignment\Group MJY\GroupMJY.c(623,20): warning C4129: '=': unrecognized character escape sequence
C:\Users\User\Desktop\PCS 2 Assignment\Group MJY\GroupMJY.c(623,20): warning C4477: 'fscanf' : format string '%d' requires an argument of type 'int *', but variadic argument 5 has type 'char (*)[12]'
C:\Users\User\Desktop\PCS 2 Assignment\Group MJY\GroupMJY.c(623,20): message : consider using '%hhd' in the format string
C:\Users\User\Desktop\PCS 2 Assignment\Group MJY\GroupMJY.c(670,21): warning C4129: '=': unrecognized character escape sequence
C:\Users\User\Desktop\PCS 2 Assignment\Group MJY\GroupMJY.c(889,20): warning C4129: '=': unrecognized character escape sequence
C:\Users\User\Desktop\PCS 2 Assignment\Group MJY\GroupMJY.c(1091,23): warning C4133: 'function': incompatible types - from 'char *' to 'int *'
C:\Users\User\Desktop\PCS 2 Assignment\Group MJY\GroupMJY.c(1116,15): warning C4101: 'stk': unreferenced local variable
C:\Users\User\Desktop\PCS 2 Assignment\Group MJY\GroupMJY.c(1759,7): warning C4101: 'next': unreferenced local variable
C:\Users\User\Desktop\PCS 2 Assignment\Group MJY\GroupMJY.c(1756,33): warning C4101: 'valid': unreferenced local variable
C:\Users\User\Desktop\PCS 2 Assignment\Group MJY\GroupMJY.c(1757,6): warning C4101: 'i': unreferenced local variable
C:\Users\User\Desktop\PCS 2 Assignment\Group MJY\GroupMJY.c(1940,37): warning C4101: 'subttl': unreferenced local variable
C:\Users\User\Desktop\PCS 2 Assignment\Group MJY\GroupMJY.c(2016,22): warning C4098: 'salesDelete': 'void' function returning a value
C:\Users\User\Desktop\PCS 2 Assignment\Group MJY\GroupMJY.c(1970,6): warning C4101: 'selectmod': unreferenced local variable
C:\Users\User\Desktop\PCS 2 Assignment\Group MJY\GroupMJY.c(2039,9): warning C4101: 'mem': unreferenced local variable
C:\Users\User\Desktop\PCS 2 Assignment\Group MJY\GroupMJY.c(2099,8): warning C4244: 'function': conversion from 'time_t' to 'unsigned int', possible loss of data
C:\Users\User\Desktop\PCS 2 Assignment\Group MJY\GroupMJY.c(2126,32): warning C4020: 'strcmp': too many actual parameters
C:\Users\User\Desktop\PCS 2 Assignment\Group MJY\GroupMJY.c(2216,10): warning C4244: 'function': conversion from 'time_t' to 'unsigned int', possible loss of data
C:\Users\User\Desktop\PCS 2 Assignment\Group MJY\GroupMJY.c(2164,13): warning C4267: 'initializing': conversion from 'size_t' to 'int', possible loss of data
C:\Users\User\Desktop\PCS 2 Assignment\Group MJY\GroupMJY.c(2102,6): warning C4101: 'selection': unreferenced local variable
C:\Users\User\Desktop\PCS 2 Assignment\Group MJY\GroupMJY.c(2622,17): warning C4267: 'initializing': conversion from 'size_t' to 'int', possible loss of data
  Group MJY.vcxproj -> C:\Users\User\Desktop\PCS 2 Assignment\Group MJY\x64\Debug\Group MJY.exe
